<?xml version="1.0" encoding="UTF-8"?>
<testng-results skipped="0" failed="0" ignored="0" total="1" passed="1">
  <reporter-output>
    <line>
      <![CDATA[<a href='D:\AppiumTest\Extent Reports\Passed Screenshots\testApp.png'><img src ='D:\AppiumTest\Extent Reports\Passed Screenshots\testApp.png' width='200' height='200'></a>]]>
    </line>
  </reporter-output>
  <suite name="Suite" duration-ms="58840" started-at="2023-05-27T12:45:57 IST" finished-at="2023-05-27T12:46:56 IST">
    <groups>
    </groups>
    <test name="Test" duration-ms="58840" started-at="2023-05-27T12:45:57 IST" finished-at="2023-05-27T12:46:56 IST">
      <class name="tests.AppTest">
        <test-method status="PASS" signature="startUp()[pri:0, instance:tests.AppTest@276438c9]" name="startUp" is-config="true" duration-ms="25286" started-at="2023-05-27T12:45:57 IST" finished-at="2023-05-27T12:46:23 IST">
          <reporter-output>
          </reporter-output>
        </test-method> <!-- startUp -->
        <test-method status="PASS" signature="testApp()[pri:0, instance:tests.AppTest@276438c9]" name="testApp" duration-ms="32940" started-at="2023-05-27T12:46:23 IST" finished-at="2023-05-27T12:46:56 IST">
          <reporter-output>
            <line>
              <![CDATA[<a href='D:\AppiumTest\Extent Reports\Passed Screenshots\testApp.png'><img src ='D:\AppiumTest\Extent Reports\Passed Screenshots\testApp.png' width='200' height='200'></a>]]>
            </line>
          </reporter-output>
        </test-method> <!-- testApp -->
        <test-method status="PASS" signature="tearDown()[pri:0, instance:tests.AppTest@276438c9]" name="tearDown" is-config="true" duration-ms="155" started-at="2023-05-27T12:46:56 IST" finished-at="2023-05-27T12:46:56 IST">
          <reporter-output>
          </reporter-output>
        </test-method> <!-- tearDown -->
      </class> <!-- tests.AppTest -->
    </test> <!-- Test -->
  </suite> <!-- Suite -->
</testng-results>
